<?xml version="1.0" encoding="UTF-8" ?>
<testsuite tests="1" failures="0" name="com.timbuchalka.MavenDemo.AppTest" time="0.005" errors="0" skipped="0">
  <properties>
    <property name="java.runtime.name" value="OpenJDK Runtime Environment"/>
    <property name="sun.boot.library.path" value="C:\Users\Simone Briffa\.jdks\corretto-1.8.0_262\jre\bin"/>
    <property name="java.vm.version" value="25.262-b10"/>
    <property name="java.vm.vendor" value="Amazon.com Inc."/>
    <property name="maven.multiModuleProjectDirectory" value="C:\Users\Simone Briffa\Desktop\Contrader\MavenDemo"/>
    <property name="java.vendor.url" value="https://aws.amazon.com/corretto/"/>
    <property name="path.separator" value=";"/>
    <property name="guice.disable.misplaced.annotation.check" value="true"/>
    <property name="java.vm.name" value="OpenJDK 64-Bit Server VM"/>
    <property name="file.encoding.pkg" value="sun.io"/>
    <property name="user.script" value=""/>
    <property name="user.country" value="IT"/>
    <property name="sun.java.launcher" value="SUN_STANDARD"/>
    <property name="sun.os.patch.level" value=""/>
    <property name="java.vm.specification.name" value="Java Virtual Machine Specification"/>
    <property name="user.dir" value="C:\Users\Simone Briffa\Desktop\Contrader\MavenDemo"/>
    <property name="java.runtime.version" value="1.8.0_262-b10"/>
    <property name="java.awt.graphicsenv" value="sun.awt.Win32GraphicsEnvironment"/>
    <property name="java.endorsed.dirs" value="C:\Users\Simone Briffa\.jdks\corretto-1.8.0_262\jre\lib\endorsed"/>
    <property name="os.arch" value="amd64"/>
    <property name="java.io.tmpdir" value="C:\Users\SIMONE~1\AppData\Local\Temp\"/>
    <property name="line.separator" value="
"/>
    <property name="java.vm.specification.vendor" value="Oracle Corporation"/>
    <property name="user.variant" value=""/>
    <property name="os.name" value="Windows 10"/>
    <property name="classworlds.conf" value="C:\Users\Simone Briffa\Desktop\Contrader\.metadata\.plugins\org.eclipse.m2e.launching\launches\m2conf5617311563918618686.tmp"/>
    <property name="sun.jnu.encoding" value="Cp1252"/>
    <property name="java.library.path" value="C:\Users\Simone Briffa\.jdks\corretto-1.8.0_262\bin;C:\WINDOWS\Sun\Java\bin;C:\WINDOWS\system32;C:\WINDOWS;C:/Program Files/Java/jre1.8.0_251/bin/server;C:/Program Files/Java/jre1.8.0_251/bin;C:/Program Files/Java/jre1.8.0_251/lib/amd64;C:\Program Files\Amazon Corretto\jdk11.0.7_10\bin;&quot;C:\Program Files (x86)\Common Files\Oracle\Java\javapath;C:\MinGW\bin&quot;;C:\Windows\system32;C:\Windows;C:\Windows\System32\Wbem;C:\Windows\System32\WindowsPowerShell\v1.0\;C:\Program Files (x86)\NVIDIA Corporation\PhysX\Common;C:\WINDOWS\system32;C:\WINDOWS;C:\WINDOWS\System32\Wbem;C:\WINDOWS\System32\WindowsPowerShell\v1.0\;C:\Program Files (x86)\Common Files\Propellerhead Software\ReWire\;C:\Program Files\Common Files\Propellerhead Software\ReWire\;C:\WINDOWS\System32\OpenSSH\;C:\Program Files\NVIDIA Corporation\NVIDIA NvDLISR;C:\WINDOWS\system32;C:\WINDOWS;C:\WINDOWS\System32\Wbem;C:\WINDOWS\System32\WindowsPowerShell\v1.0\;C:\WINDOWS\System32\OpenSSH\;C:\Program Files\SourceGear\Common\DiffMerge\;C:\Program Files\Git\cmd;C:\Users\Simone Briffa\AppData\Local\Microsoft\WindowsApps;C:\Users\Simone Briffa\AppData\Local\atom\bin;C:\Users\Simone Briffa\Desktop\Java Udemy\sqlite-tools-win32-x86-3330000;;C:\Users\Simone Briffa\Desktop;;."/>
    <property name="java.specification.name" value="Java Platform API Specification"/>
    <property name="java.class.version" value="52.0"/>
    <property name="sun.management.compiler" value="HotSpot 64-Bit Tiered Compilers"/>
    <property name="os.version" value="10.0"/>
    <property name="user.home" value="C:\Users\Simone Briffa"/>
    <property name="user.timezone" value="Europe/Belgrade"/>
    <property name="java.awt.printerjob" value="sun.awt.windows.WPrinterJob"/>
    <property name="java.specification.version" value="1.8"/>
    <property name="file.encoding" value="Cp1252"/>
    <property name="user.name" value="Simone Briffa"/>
    <property name="java.class.path" value="C:\Users\Simone Briffa\.p2\pool\plugins\org.eclipse.m2e.maven.runtime_1.10.0.20181127-2120\jars\plexus-classworlds-2.5.2.jar"/>
    <property name="java.vm.specification.version" value="1.8"/>
    <property name="sun.arch.data.model" value="64"/>
    <property name="java.home" value="C:\Users\Simone Briffa\.jdks\corretto-1.8.0_262\jre"/>
    <property name="sun.java.command" value="org.codehaus.plexus.classworlds.launcher.Launcher -B install"/>
    <property name="java.specification.vendor" value="Oracle Corporation"/>
    <property name="user.language" value="it"/>
    <property name="awt.toolkit" value="sun.awt.windows.WToolkit"/>
    <property name="java.vm.info" value="mixed mode"/>
    <property name="java.version" value="1.8.0_262"/>
    <property name="java.ext.dirs" value="C:\Users\Simone Briffa\.jdks\corretto-1.8.0_262\jre\lib\ext;C:\WINDOWS\Sun\Java\lib\ext"/>
    <property name="sun.boot.class.path" value="C:\Users\Simone Briffa\.jdks\corretto-1.8.0_262\jre\lib\resources.jar;C:\Users\Simone Briffa\.jdks\corretto-1.8.0_262\jre\lib\rt.jar;C:\Users\Simone Briffa\.jdks\corretto-1.8.0_262\jre\lib\sunrsasign.jar;C:\Users\Simone Briffa\.jdks\corretto-1.8.0_262\jre\lib\jsse.jar;C:\Users\Simone Briffa\.jdks\corretto-1.8.0_262\jre\lib\jce.jar;C:\Users\Simone Briffa\.jdks\corretto-1.8.0_262\jre\lib\charsets.jar;C:\Users\Simone Briffa\.jdks\corretto-1.8.0_262\jre\lib\jfr.jar;C:\Users\Simone Briffa\.jdks\corretto-1.8.0_262\jre\classes"/>
    <property name="java.vendor" value="Amazon.com Inc."/>
    <property name="maven.home" value="C:\Users\Simone Briffa\Desktop\Contrader\MavenDemo\EMBEDDED"/>
    <property name="file.separator" value="\"/>
    <property name="java.vendor.url.bug" value="https://github.com/corretto/corretto-8/issues/"/>
    <property name="sun.cpu.endian" value="little"/>
    <property name="sun.io.unicode.encoding" value="UnicodeLittle"/>
    <property name="sun.desktop" value="windows"/>
    <property name="sun.cpu.isalist" value="amd64"/>
  </properties>
  <testcase classname="com.timbuchalka.MavenDemo.AppTest" name="testApp" time="0.005"/>
</testsuite>